[14:05:36] [main/WARN]: Ambiguity between arguments [teleport, destination] and [teleport, targets] with inputs: [Player, 0123, @e, dd12be42-52a9-4a91-a8a1-11c01849e498]
[14:05:36] [main/WARN]: Ambiguity between arguments [teleport, location] and [teleport, destination] with inputs: [0.1 -0.5 .9, 0 0 0]
[14:05:36] [main/WARN]: Ambiguity between arguments [teleport, location] and [teleport, targets] with inputs: [0.1 -0.5 .9, 0 0 0]
[14:05:36] [main/WARN]: Ambiguity between arguments [teleport, targets] and [teleport, destination] with inputs: [Player, 0123, dd12be42-52a9-4a91-a8a1-11c01849e498]
[14:05:36] [main/WARN]: Ambiguity between arguments [teleport, targets, location] and [teleport, targets, destination] with inputs: [0.1 -0.5 .9, 0 0 0]
[14:05:36] [Server thread/INFO]: Starting minecraft server version 1.15.2
[14:05:36] [Server thread/INFO]: Loading properties
[14:05:36] [Server thread/INFO]: Default game type: SURVIVAL
[14:05:36] [Server thread/INFO]: Generating keypair
[14:05:37] [Server thread/INFO]: Starting Minecraft server on *:25565
[14:05:37] [Server thread/INFO]: Using default channel type
[14:05:41] [Server thread/INFO]: Preparing level "world"
[14:05:41] [Server thread/INFO]: Reloading ResourceManager: Default
[14:05:41] [Server thread/INFO]: Loaded 6 recipes
[14:05:41] [Server thread/INFO]: Loaded 825 advancements
[14:05:42] [Server thread/INFO]: Preparing start region for dimension minecraft:overworld
[14:05:43] [Server thread/INFO]: Preparing spawn area: 0%
[14:05:43] [Server thread/INFO]: Preparing spawn area: 0%
[14:05:43] [Server thread/INFO]: Preparing spawn area: 0%
[14:05:44] [Server thread/INFO]: Time elapsed: 2114 ms
[14:05:44] [Server thread/INFO]: Done (3.227s)! For help, type "help"
[14:06:00] [User Authenticator #1/INFO]: UUID of player SeokHoKim is b9b5d7a0-ddd0-4602-82bf-a57c811e146c
[14:06:00] [Server thread/INFO]: SeokHoKim[/127.0.0.1:55140] logged in with entity id 562 at (330.17919285535436, 76.0, -93.4097840148872)
[14:06:00] [Server thread/INFO]: SeokHoKim joined the game
[14:08:21] [Server thread/WARN]: Fetching packet for removed entity awb['Air'/972, l='world', x=303.20, y=78.00, z=-64.20]
[14:10:41] [Server thread/WARN]: Fetching packet for removed entity awb['Air'/1336, l='world', x=303.20, y=78.00, z=-64.80]
[14:25:20] [Server thread/WARN]: Fetching packet for removed entity awb['Air'/4129, l='world', x=303.20, y=78.00, z=-64.80]
[14:51:10] [Server thread/INFO]: SeokHoKim lost connection: Disconnected
[14:51:10] [Server thread/INFO]: SeokHoKim left the game
[14:53:18] [Server thread/INFO]: Stopping the server
[14:53:18] [Server thread/INFO]: Stopping server
[14:53:18] [Server thread/INFO]: Saving players
[14:53:18] [Server thread/INFO]: Saving worlds
[14:53:18] [Server thread/INFO]: Saving chunks for level 'world'/minecraft:the_nether
[14:53:18] [Server thread/INFO]: ThreadedAnvilChunkStorage (DIM-1): All chunks are saved
[14:53:18] [Server thread/INFO]: Saving chunks for level 'world'/minecraft:overworld
[14:53:19] [Server thread/INFO]: ThreadedAnvilChunkStorage (world): All chunks are saved
[14:53:19] [Server thread/INFO]: Saving chunks for level 'world'/minecraft:the_end
[14:53:19] [Server thread/INFO]: ThreadedAnvilChunkStorage (DIM1): All chunks are saved
[14:53:19] [Server thread/INFO]: ThreadedAnvilChunkStorage (DIM-1): All chunks are saved
[14:53:19] [Server thread/INFO]: ThreadedAnvilChunkStorage (world): All chunks are saved
[14:53:19] [Server thread/INFO]: ThreadedAnvilChunkStorage (DIM1): All chunks are saved
